<?xml version="1.0" encoding="utf-8"?><testsuites name="pytest tests"><testsuite name="pytest" errors="0" failures="0" skipped="0" tests="9" time="3.628" timestamp="2026-08-17T11:11:42.301890+00:00" hostname="agent-env-dbc15c37-49f9-4bdf-aeb0-6bb408bee05d"><testcase classname="tests.test_site_expense" name="test_root" time="0.335" /><testcase classname="tests.test_site_expense" name="test_dashboard_shape" time="0.146" /><testcase classname="tests.test_site_expense" name="test_resource_lists" time="1.022" /><testcase classname="tests.test_site_expense" name="test_settings" time="0.189" /><testcase classname="tests.test_site_expense" name="test_backup_is_valid_zip_with_db" time="0.110" /><testcase classname="tests.test_site_expense" name="test_restore_round_trip_preserves_data" time="0.918" /><testcase classname="tests.test_site_expense" name="test_restore_rejects_non_zip" time="0.109" /><testcase classname="tests.test_site_expense" name="test_restore_rejects_empty_file" time="0.118" /><testcase classname="tests.test_site_expense" name="test_restore_rejects_zip_without_db" time="0.131" /></testsuite></testsuites>