<?xml version="1.0" encoding="utf-8"?><testsuites name="pytest tests"><testsuite name="pytest" errors="0" failures="0" skipped="0" tests="4" time="2.824" timestamp="2026-08-17T04:42:47.231698+00:00" hostname="agent-env-dbc15c37-49f9-4bdf-aeb0-6bb408bee05d"><testcase classname="tests.test_site_expense" name="test_admin_login_cookie_and_me" time="0.420" /><testcase classname="tests.test_site_expense" name="test_employee_login_and_permissions" time="0.439" /><testcase classname="tests.test_site_expense" name="test_protected_dashboard_and_resources_have_data" time="0.871" /><testcase classname="tests.test_site_expense" name="test_csv_upload_import" time="0.450" /></testsuite></testsuites>